<?xml version="1.0" encoding="UTF-8"?>
<testsuite name="com.challenge.adn.AdnApplicationTests" tests="1" skipped="0" failures="0" errors="0" timestamp="2024-11-13T01:33:39" hostname="MAXI" time="0.688">
  <properties/>
  <testcase name="contextLoads()" classname="com.challenge.adn.AdnApplicationTests" time="0.688"/>
  <system-out><![CDATA[22:33:38.400 [Test worker] INFO org.springframework.test.context.support.AnnotationConfigContextLoaderUtils -- Could not detect default configuration classes for test class [com.challenge.adn.AdnApplicationTests]: AdnApplicationTests does not declare any static, non-private, non-final, nested classes annotated with @Configuration.
22:33:38.467 [Test worker] INFO org.springframework.boot.test.context.SpringBootTestContextBootstrapper -- Found @SpringBootConfiguration com.challenge.adn.AdnApplication for test class com.challenge.adn.AdnApplicationTests

  .   ____          _            __ _ _
 /\\ / ___'_ __ _ _(_)_ __  __ _ \ \ \ \
( ( )\___ | '_ | '_| | '_ \/ _` | \ \ \ \
 \\/  ___)| |_)| | | | | || (_| |  ) ) ) )
  '  |____| .__|_| |_|_| |_\__, | / / / /
 =========|_|==============|___/=/_/_/_/

 :: Spring Boot ::                (v3.3.5)

2024-11-12T22:33:38.759-03:00  INFO 23432 --- [adn] [    Test worker] com.challenge.adn.AdnApplicationTests    : Starting AdnApplicationTests using Java 21.0.5 with PID 23432 (started by maxim in D:\Programacion\adn)
2024-11-12T22:33:38.760-03:00  INFO 23432 --- [adn] [    Test worker] com.challenge.adn.AdnApplicationTests    : No active profile set, falling back to 1 default profile: "default"
2024-11-12T22:33:39.567-03:00  INFO 23432 --- [adn] [    Test worker] com.challenge.adn.AdnApplicationTests    : Started AdnApplicationTests in 0.982 seconds (process running for 1.837)
]]></system-out>
  <system-err><![CDATA[WARNING: A Java agent has been loaded dynamically (C:\Users\maxim\.gradle\caches\modules-2\files-2.1\net.bytebuddy\byte-buddy-agent\1.14.19\154da3a65b4f4a909d3e5bdec55d1b2b4cbb6ce1\byte-buddy-agent-1.14.19.jar)
WARNING: If a serviceability tool is in use, please run with -XX:+EnableDynamicAgentLoading to hide this warning
WARNING: If a serviceability tool is not in use, please run with -Djdk.instrument.traceUsage for more information
WARNING: Dynamic loading of agents will be disallowed by default in a future release
]]></system-err>
</testsuite>
